<?xml version="1.0" encoding="UTF-8"?>
<!-- Generated by org.testng.reporters.JUnitReportReporter -->
<testsuite hostname="DESKTOP-26J0MHT" failures="0" tests="1" name="TestScript.FirstTest" time="20.954" errors="0" timestamp="2023-03-01T12:35:58 IST" skipped="0">
  <testcase classname="TestScript.FirstTest" name="firstTest" time="20.954"/>
  <system-out/>
</testsuite> <!-- TestScript.FirstTest -->
